2022-11-10 23:22:34.644 [main] INFO  id.kedukasi.core.Application - Starting Application using Java 11.0.15.1 on Mac21s-MacBook-Pro.local with PID 16367 (/Volumes/Mac HD/aplikasijava/spring boot/MIS/kedukasi-service-B3IrfanRifai-dev/target/classes started by mac21 in /Volumes/Mac HD/aplikasijava/spring boot/MIS/kedukasi-service-B3IrfanRifai-dev)
2022-11-10 23:22:34.650 [main] DEBUG id.kedukasi.core.Application - Running with Spring Boot v2.7.3, Spring v5.3.22
2022-11-10 23:22:34.652 [main] INFO  id.kedukasi.core.Application - No active profile set, falling back to 1 default profile: "default"
2022-11-10 23:22:44.322 [main] DEBUG i.k.core.config.AuthTokenFilter - Filter 'authenticationJwtTokenFilter' configured for use
2022-11-10 23:22:49.140 [main] INFO  id.kedukasi.core.Application - Started Application in 16.37 seconds (JVM running for 19.136)
2022-11-10 23:23:24.658 [http-nio-8880-exec-4] INFO  i.k.c.c.SimpanPesertaController - << /simpanPeserta/all? >>
2022-11-11 00:18:07.528 [main] INFO  id.kedukasi.core.Application - Starting Application using Java 11.0.15.1 on Mac21s-MacBook-Pro.local with PID 19705 (/Volumes/Mac HD/aplikasijava/spring boot/MIS/kedukasi-service-B3IrfanRifai-dev/target/classes started by mac21 in /Volumes/Mac HD/aplikasijava/spring boot/MIS/kedukasi-service-B3IrfanRifai-dev)
2022-11-11 00:18:07.542 [main] DEBUG id.kedukasi.core.Application - Running with Spring Boot v2.7.3, Spring v5.3.22
2022-11-11 00:18:07.544 [main] INFO  id.kedukasi.core.Application - No active profile set, falling back to 1 default profile: "default"
2022-11-11 00:18:15.444 [main] DEBUG i.k.core.config.AuthTokenFilter - Filter 'authenticationJwtTokenFilter' configured for use
2022-11-11 00:18:18.504 [main] INFO  id.kedukasi.core.Application - Started Application in 12.161 seconds (JVM running for 13.862)
2022-11-11 00:18:22.447 [http-nio-8880-exec-2] ERROR id.kedukasi.core.utils.JwtUtils - JWT token is expired: JWT expired at 2022-09-29T15:50:46Z. Current time: 2022-11-11T00:18:22Z, a difference of 3659256446 milliseconds.  Allowed clock skew: 0 milliseconds.
2022-11-11 00:24:19.939 [main] INFO  id.kedukasi.core.Application - Starting Application using Java 11.0.15.1 on Mac21s-MacBook-Pro.local with PID 20159 (/Volumes/Mac HD/aplikasijava/spring boot/MIS/kedukasi-service-B3IrfanRifai-dev/target/classes started by mac21 in /Volumes/Mac HD/aplikasijava/spring boot/MIS/kedukasi-service-B3IrfanRifai-dev)
2022-11-11 00:24:19.969 [main] DEBUG id.kedukasi.core.Application - Running with Spring Boot v2.7.3, Spring v5.3.22
2022-11-11 00:24:19.971 [main] INFO  id.kedukasi.core.Application - No active profile set, falling back to 1 default profile: "default"
2022-11-11 00:24:28.925 [main] DEBUG i.k.core.config.AuthTokenFilter - Filter 'authenticationJwtTokenFilter' configured for use
2022-11-11 00:24:32.225 [main] INFO  id.kedukasi.core.Application - Started Application in 15.089 seconds (JVM running for 17.831)
2022-11-11 00:30:11.971 [http-nio-8880-exec-2] ERROR id.kedukasi.core.utils.JwtUtils - JWT token is expired: JWT expired at 2022-09-29T15:50:46Z. Current time: 2022-11-11T00:30:11Z, a difference of 3659965970 milliseconds.  Allowed clock skew: 0 milliseconds.
2022-11-11 00:30:12.029 [http-nio-8880-exec-2] INFO  i.k.c.c.SimpanPesertaController - << /simpanPeserta/all? >>
2022-11-11 18:11:43.477 [main] INFO  id.kedukasi.core.Application - Starting Application using Java 11.0.15.1 on Mac21s-MacBook-Pro.local with PID 36004 (/Volumes/Mac HD/aplikasijava/spring boot/MIS/kedukasi-service-B3IrfanRifai-dev/target/classes started by mac21 in /Volumes/Mac HD/aplikasijava/spring boot/MIS/kedukasi-service-B3IrfanRifai-dev)
2022-11-11 18:11:43.479 [main] DEBUG id.kedukasi.core.Application - Running with Spring Boot v2.7.3, Spring v5.3.22
2022-11-11 18:11:43.481 [main] INFO  id.kedukasi.core.Application - No active profile set, falling back to 1 default profile: "default"
2022-11-11 18:11:58.260 [main] DEBUG i.k.core.config.AuthTokenFilter - Filter 'authenticationJwtTokenFilter' configured for use
2022-11-11 18:12:02.981 [main] INFO  id.kedukasi.core.Application - Started Application in 21.975 seconds (JVM running for 25.168)
2022-11-11 18:14:46.951 [http-nio-8880-exec-2] INFO  i.k.core.controller.AuthController - << /api/auth/active?id=0 >>
2022-11-11 18:16:14.468 [http-nio-8880-exec-6] INFO  i.k.core.serviceImpl.UserServiceImpl - >>>> send email
2022-11-11 18:19:05.808 [http-nio-8880-exec-2] INFO  i.k.core.serviceImpl.UserServiceImpl - >>>> send email
2022-11-11 18:25:39.118 [http-nio-8880-exec-1] INFO  i.k.core.controller.AuthController - << /api/auth/signout?id=1 >>
2022-11-11 18:29:20.957 [http-nio-8880-exec-9] INFO  i.k.core.controller.AuthController - << /api/auth/signin? >>
2022-11-11 18:29:23.644 [http-nio-8880-exec-10] INFO  i.k.core.controller.AuthController - << /api/auth/signin? >>
2022-11-11 18:29:37.636 [http-nio-8880-exec-2] INFO  i.k.core.controller.AuthController - << /api/auth/signin? >>
2022-11-11 18:32:40.300 [http-nio-8880-exec-6] INFO  i.k.core.controller.AuthController - << /api/auth/forgot_password?email=i@gmail.com >>
2022-11-11 18:32:40.638 [http-nio-8880-exec-6] INFO  i.k.core.serviceImpl.UserServiceImpl - >>>> send email
2022-11-11 18:32:56.487 [http-nio-8880-exec-8] INFO  i.k.core.controller.AuthController - << /api/auth/forgot_password?email=i@gmail.com >>
2022-11-11 18:32:56.493 [http-nio-8880-exec-8] INFO  i.k.core.serviceImpl.UserServiceImpl - >>>> send email
2022-11-11 18:35:17.515 [http-nio-8880-exec-4] INFO  i.k.core.controller.AuthController - << /api/auth/change_password?id=2&password=12345678 >>
2022-11-11 18:37:29.462 [http-nio-8880-exec-1] INFO  i.k.core.controller.AuthController - << /api/auth/active? >>
2022-11-11 18:40:14.316 [http-nio-8880-exec-5] INFO  i.k.core.controller.AuthController - << /api/auth/signin? >>
2022-11-11 18:40:20.590 [http-nio-8880-exec-1] INFO  i.k.core.controller.AuthController - << /api/auth/signin? >>
2022-11-11 18:40:44.437 [http-nio-8880-exec-7] INFO  i.k.c.c.CalonPesertaController - << /calonPeserta/all? >>
2022-11-11 19:10:37.285 [http-nio-8880-exec-9] INFO  i.k.c.c.CalonPesertaController - << /calonPeserta/all? >>
2022-11-11 19:12:46.354 [http-nio-8880-exec-5] ERROR id.kedukasi.core.utils.JwtUtils - JWT token is expired: JWT expired at 2022-09-29T15:50:46Z. Current time: 2022-11-11T19:12:46Z, a difference of 3727320349 milliseconds.  Allowed clock skew: 0 milliseconds.
2022-11-11 19:13:14.097 [http-nio-8880-exec-1] ERROR id.kedukasi.core.utils.JwtUtils - JWT token is expired: JWT expired at 2022-09-29T15:50:46Z. Current time: 2022-11-11T19:13:14Z, a difference of 3727348097 milliseconds.  Allowed clock skew: 0 milliseconds.
2022-11-11 19:13:14.099 [http-nio-8880-exec-1] INFO  i.k.c.c.SimpanPesertaController - << /simpanPeserta/all? >>
2022-11-11 21:38:04.659 [main] INFO  id.kedukasi.core.Application - Starting Application using Java 11.0.15.1 on Mac21s-MacBook-Pro.local with PID 2136 (/Volumes/Mac HD/aplikasijava/spring boot/MIS/kedukasi-service-B3IrfanRifai-dev/target/classes started by mac21 in /Volumes/Mac HD/aplikasijava/spring boot/MIS/kedukasi-service-B3IrfanRifai-dev)
2022-11-11 21:38:04.664 [main] DEBUG id.kedukasi.core.Application - Running with Spring Boot v2.7.3, Spring v5.3.22
2022-11-11 21:38:04.667 [main] INFO  id.kedukasi.core.Application - No active profile set, falling back to 1 default profile: "default"
2022-11-11 21:38:12.004 [main] DEBUG i.k.core.config.AuthTokenFilter - Filter 'authenticationJwtTokenFilter' configured for use
2022-11-11 21:38:15.004 [main] INFO  id.kedukasi.core.Application - Started Application in 11.741 seconds (JVM running for 14.401)
2022-11-14 05:31:33.113 [main] INFO  id.kedukasi.core.Application - Starting Application using Java 11.0.15.1 on Mac21s-MacBook-Pro.local with PID 72047 (/Volumes/Mac HD/aplikasijava/spring boot/MIS/kedukasi-service-B3IrfanRifai-dev/target/classes started by mac21 in /Volumes/Mac HD/aplikasijava/spring boot/MIS/kedukasi-service-B3IrfanRifai-dev)
2022-11-14 05:31:33.117 [main] DEBUG id.kedukasi.core.Application - Running with Spring Boot v2.7.3, Spring v5.3.22
2022-11-14 05:31:33.119 [main] INFO  id.kedukasi.core.Application - No active profile set, falling back to 1 default profile: "default"
2022-11-14 05:31:40.280 [main] DEBUG i.k.core.config.AuthTokenFilter - Filter 'authenticationJwtTokenFilter' configured for use
2022-11-14 05:31:43.210 [main] INFO  id.kedukasi.core.Application - Started Application in 11.348 seconds (JVM running for 13.882)
2022-11-14 05:35:27.563 [http-nio-8880-exec-1] INFO  i.k.core.controller.AuthController - << /api/auth/signin? >>
2022-11-14 05:36:03.262 [http-nio-8880-exec-5] INFO  i.k.core.controller.AuthController - << /api/auth/active?id=1 >>
2022-11-14 05:36:05.567 [http-nio-8880-exec-6] INFO  i.k.core.controller.AuthController - << /api/auth/active?id=1 >>
2022-11-14 05:37:10.466 [http-nio-8880-exec-2] INFO  i.k.core.controller.AuthController - << /api/auth/signin? >>
2022-11-14 05:37:46.475 [http-nio-8880-exec-9] INFO  i.k.c.controller.PesertaController - << /peserta/all? >>
2022-11-14 05:39:26.666 [http-nio-8880-exec-1] ERROR id.kedukasi.core.utils.JwtUtils - JWT token is expired: JWT expired at 2022-09-22T05:44:12Z. Current time: 2022-11-14T05:39:26Z, a difference of 4578914663 milliseconds.  Allowed clock skew: 0 milliseconds.
2022-11-14 05:39:44.182 [http-nio-8880-exec-6] INFO  i.k.core.controller.BatchController - << /batch/all? >>
2022-11-14 05:40:26.778 [http-nio-8880-exec-3] INFO  i.k.core.controller.BatchController - << /batch/1? >>
2022-11-14 05:42:48.106 [http-nio-8880-exec-2] ERROR id.kedukasi.core.utils.JwtUtils - JWT token is expired: JWT expired at 2022-09-22T05:23:25Z. Current time: 2022-11-14T05:42:48Z, a difference of 4580363105 milliseconds.  Allowed clock skew: 0 milliseconds.
2022-11-14 05:43:07.600 [http-nio-8880-exec-10] ERROR id.kedukasi.core.utils.JwtUtils - JWT token is expired: JWT expired at 2022-09-22T05:23:25Z. Current time: 2022-11-14T05:43:07Z, a difference of 4580382600 milliseconds.  Allowed clock skew: 0 milliseconds.
2022-11-14 05:45:27.815 [http-nio-8880-exec-7] ERROR i.k.c.serviceImpl.BatchServiceImpl - org.springframework.dao.DataIntegrityViolationException: could not execute statement; SQL [n/a]; constraint [batches_pkey]; nested exception is org.hibernate.exception.ConstraintViolationException: could not execute statement
	at org.springframework.orm.jpa.vendor.HibernateJpaDialect.convertHibernateAccessException(HibernateJpaDialect.java:276)
	at org.springframework.orm.jpa.vendor.HibernateJpaDialect.translateExceptionIfPossible(HibernateJpaDialect.java:233)
	at org.springframework.orm.jpa.AbstractEntityManagerFactoryBean.translateExceptionIfPossible(AbstractEntityManagerFactoryBean.java:551)
	at org.springframework.dao.support.ChainedPersistenceExceptionTranslator.translateExceptionIfPossible(ChainedPersistenceExceptionTranslator.java:61)
	at org.springframework.dao.support.DataAccessUtils.translateIfNecessary(DataAccessUtils.java:242)
	at org.springframework.dao.support.PersistenceExceptionTranslationInterceptor.invoke(PersistenceExceptionTranslationInterceptor.java:152)
	at org.springframework.aop.framework.ReflectiveMethodInvocation.proceed(ReflectiveMethodInvocation.java:186)
	at org.springframework.data.jpa.repository.support.CrudMethodMetadataPostProcessor$CrudMethodMetadataPopulatingMethodInterceptor.invoke(CrudMethodMetadataPostProcessor.java:174)
	at org.springframework.aop.framework.ReflectiveMethodInvocation.proceed(ReflectiveMethodInvocation.java:186)
	at org.springframework.aop.interceptor.ExposeInvocationInterceptor.invoke(ExposeInvocationInterceptor.java:97)
	at org.springframework.aop.framework.ReflectiveMethodInvocation.proceed(ReflectiveMethodInvocation.java:186)
	at org.springframework.aop.framework.JdkDynamicAopProxy.invoke(JdkDynamicAopProxy.java:215)
	at com.sun.proxy.$Proxy151.save(Unknown Source)
	at id.kedukasi.core.serviceImpl.BatchServiceImpl.updateBatch(BatchServiceImpl.java:112)
	at id.kedukasi.core.controller.BatchController.createBatch(BatchController.java:65)
	at id.kedukasi.core.controller.BatchController$$FastClassBySpringCGLIB$$c776814f.invoke(<generated>)
	at org.springframework.cglib.proxy.MethodProxy.invoke(MethodProxy.java:218)
	at org.springframework.aop.framework.CglibAopProxy$CglibMethodInvocation.invokeJoinpoint(CglibAopProxy.java:793)
	at org.springframework.aop.framework.ReflectiveMethodInvocation.proceed(ReflectiveMethodInvocation.java:163)
	at org.springframework.aop.framework.CglibAopProxy$CglibMethodInvocation.proceed(CglibAopProxy.java:763)
	at org.springframework.security.access.intercept.aopalliance.MethodSecurityInterceptor.invoke(MethodSecurityInterceptor.java:61)
	at org.springframework.aop.framework.ReflectiveMethodInvocation.proceed(ReflectiveMethodInvocation.java:186)
	at org.springframework.aop.framework.CglibAopProxy$CglibMethodInvocation.proceed(CglibAopProxy.java:763)
	at org.springframework.aop.framework.CglibAopProxy$DynamicAdvisedInterceptor.intercept(CglibAopProxy.java:708)
	at id.kedukasi.core.controller.BatchController$$EnhancerBySpringCGLIB$$f0a4a9a2.createBatch(<generated>)
	at java.base/jdk.internal.reflect.NativeMethodAccessorImpl.invoke0(Native Method)
	at java.base/jdk.internal.reflect.NativeMethodAccessorImpl.invoke(NativeMethodAccessorImpl.java:62)
	at java.base/jdk.internal.reflect.DelegatingMethodAccessorImpl.invoke(DelegatingMethodAccessorImpl.java:43)
	at java.base/java.lang.reflect.Method.invoke(Method.java:566)
	at org.springframework.web.method.support.InvocableHandlerMethod.doInvoke(InvocableHandlerMethod.java:205)
	at org.springframework.web.method.support.InvocableHandlerMethod.invokeForRequest(InvocableHandlerMethod.java:150)
	at org.springframework.web.servlet.mvc.method.annotation.ServletInvocableHandlerMethod.invokeAndHandle(ServletInvocableHandlerMethod.java:117)
	at org.springframework.web.servlet.mvc.method.annotation.RequestMappingHandlerAdapter.invokeHandlerMethod(RequestMappingHandlerAdapter.java:895)
	at org.springframework.web.servlet.mvc.method.annotation.RequestMappingHandlerAdapter.handleInternal(RequestMappingHandlerAdapter.java:808)
	at org.springframework.web.servlet.mvc.method.AbstractHandlerMethodAdapter.handle(AbstractHandlerMethodAdapter.java:87)
	at org.springframework.web.servlet.DispatcherServlet.doDispatch(DispatcherServlet.java:1070)
	at org.springframework.web.servlet.DispatcherServlet.doService(DispatcherServlet.java:963)
	at org.springframework.web.servlet.FrameworkServlet.processRequest(FrameworkServlet.java:1006)
	at org.springframework.web.servlet.FrameworkServlet.doPost(FrameworkServlet.java:909)
	at javax.servlet.http.HttpServlet.service(HttpServlet.java:681)
	at org.springframework.web.servlet.FrameworkServlet.service(FrameworkServlet.java:883)
	at javax.servlet.http.HttpServlet.service(HttpServlet.java:764)
	at org.apache.catalina.core.ApplicationFilterChain.internalDoFilter(ApplicationFilterChain.java:227)
	at org.apache.catalina.core.ApplicationFilterChain.doFilter(ApplicationFilterChain.java:162)
	at org.apache.tomcat.websocket.server.WsFilter.doFilter(WsFilter.java:53)
	at org.apache.catalina.core.ApplicationFilterChain.internalDoFilter(ApplicationFilterChain.java:189)
	at org.apache.catalina.core.ApplicationFilterChain.doFilter(ApplicationFilterChain.java:162)
	at org.springframework.web.filter.OncePerRequestFilter.doFilter(OncePerRequestFilter.java:111)
	at org.apache.catalina.core.ApplicationFilterChain.internalDoFilter(ApplicationFilterChain.java:189)
	at org.apache.catalina.core.ApplicationFilterChain.doFilter(ApplicationFilterChain.java:162)
	at org.springframework.security.web.FilterChainProxy$VirtualFilterChain.doFilter(FilterChainProxy.java:337)
	at org.springframework.security.web.access.intercept.FilterSecurityInterceptor.invoke(FilterSecurityInterceptor.java:115)
	at org.springframework.security.web.access.intercept.FilterSecurityInterceptor.doFilter(FilterSecurityInterceptor.java:81)
	at org.springframework.security.web.FilterChainProxy$VirtualFilterChain.doFilter(FilterChainProxy.java:346)
	at org.springframework.security.web.access.ExceptionTranslationFilter.doFilter(ExceptionTranslationFilter.java:122)
	at org.springframework.security.web.access.ExceptionTranslationFilter.doFilter(ExceptionTranslationFilter.java:116)
	at org.springframework.security.web.FilterChainProxy$VirtualFilterChain.doFilter(FilterChainProxy.java:346)
	at org.springframework.security.web.session.SessionManagementFilter.doFilter(SessionManagementFilter.java:126)
	at org.springframework.security.web.session.SessionManagementFilter.doFilter(SessionManagementFilter.java:81)
	at org.springframework.security.web.FilterChainProxy$VirtualFilterChain.doFilter(FilterChainProxy.java:346)
	at org.springframework.security.web.authentication.AnonymousAuthenticationFilter.doFilter(AnonymousAuthenticationFilter.java:109)
	at org.springframework.security.web.FilterChainProxy$VirtualFilterChain.doFilter(FilterChainProxy.java:346)
	at org.springframework.security.web.servletapi.SecurityContextHolderAwareRequestFilter.doFilter(SecurityContextHolderAwareRequestFilter.java:149)
	at org.springframework.security.web.FilterChainProxy$VirtualFilterChain.doFilter(FilterChainProxy.java:346)
	at org.springframework.security.web.savedrequest.RequestCacheAwareFilter.doFilter(RequestCacheAwareFilter.java:63)
	at org.springframework.security.web.FilterChainProxy$VirtualFilterChain.doFilter(FilterChainProxy.java:346)
	at id.kedukasi.core.config.AuthTokenFilter.doFilterInternal(AuthTokenFilter.java:54)
	at org.springframework.web.filter.OncePerRequestFilter.doFilter(OncePerRequestFilter.java:117)
	at org.springframework.security.web.FilterChainProxy$VirtualFilterChain.doFilter(FilterChainProxy.java:346)
	at org.springframework.security.web.authentication.logout.LogoutFilter.doFilter(LogoutFilter.java:103)
	at org.springframework.security.web.authentication.logout.LogoutFilter.doFilter(LogoutFilter.java:89)
	at org.springframework.security.web.FilterChainProxy$VirtualFilterChain.doFilter(FilterChainProxy.java:346)
	at org.springframework.web.filter.CorsFilter.doFilterInternal(CorsFilter.java:91)
	at org.springframework.web.filter.OncePerRequestFilter.doFilter(OncePerRequestFilter.java:117)
	at org.springframework.security.web.FilterChainProxy$VirtualFilterChain.doFilter(FilterChainProxy.java:346)
	at org.springframework.security.web.header.HeaderWriterFilter.doHeadersAfter(HeaderWriterFilter.java:90)
	at org.springframework.security.web.header.HeaderWriterFilter.doFilterInternal(HeaderWriterFilter.java:75)
	at org.springframework.web.filter.OncePerRequestFilter.doFilter(OncePerRequestFilter.java:117)
	at org.springframework.security.web.FilterChainProxy$VirtualFilterChain.doFilter(FilterChainProxy.java:346)
	at org.springframework.security.web.context.SecurityContextPersistenceFilter.doFilter(SecurityContextPersistenceFilter.java:112)
	at org.springframework.security.web.context.SecurityContextPersistenceFilter.doFilter(SecurityContextPersistenceFilter.java:82)
	at org.springframework.security.web.FilterChainProxy$VirtualFilterChain.doFilter(FilterChainProxy.java:346)
	at org.springframework.security.web.context.request.async.WebAsyncManagerIntegrationFilter.doFilterInternal(WebAsyncManagerIntegrationFilter.java:55)
	at org.springframework.web.filter.OncePerRequestFilter.doFilter(OncePerRequestFilter.java:117)
	at org.springframework.security.web.FilterChainProxy$VirtualFilterChain.doFilter(FilterChainProxy.java:346)
	at org.springframework.security.web.session.DisableEncodeUrlFilter.doFilterInternal(DisableEncodeUrlFilter.java:42)
	at org.springframework.web.filter.OncePerRequestFilter.doFilter(OncePerRequestFilter.java:117)
	at org.springframework.security.web.FilterChainProxy$VirtualFilterChain.doFilter(FilterChainProxy.java:346)
	at org.springframework.security.web.FilterChainProxy.doFilterInternal(FilterChainProxy.java:221)
	at org.springframework.security.web.FilterChainProxy.doFilter(FilterChainProxy.java:186)
	at org.springframework.web.filter.DelegatingFilterProxy.invokeDelegate(DelegatingFilterProxy.java:354)
	at org.springframework.web.filter.DelegatingFilterProxy.doFilter(DelegatingFilterProxy.java:267)
	at org.apache.catalina.core.ApplicationFilterChain.internalDoFilter(ApplicationFilterChain.java:189)
	at org.apache.catalina.core.ApplicationFilterChain.doFilter(ApplicationFilterChain.java:162)
	at org.springframework.web.filter.CharacterEncodingFilter.doFilterInternal(CharacterEncodingFilter.java:201)
	at org.springframework.web.filter.OncePerRequestFilter.doFilter(OncePerRequestFilter.java:117)
	at org.apache.catalina.core.ApplicationFilterChain.internalDoFilter(ApplicationFilterChain.java:189)
	at org.apache.catalina.core.ApplicationFilterChain.doFilter(ApplicationFilterChain.java:162)
	at org.apache.catalina.core.StandardWrapperValve.invoke(StandardWrapperValve.java:197)
	at org.apache.catalina.core.StandardContextValve.invoke(StandardContextValve.java:97)
	at org.apache.catalina.authenticator.AuthenticatorBase.invoke(AuthenticatorBase.java:541)
	at org.apache.catalina.core.StandardHostValve.invoke(StandardHostValve.java:135)
	at org.apache.catalina.valves.ErrorReportValve.invoke(ErrorReportValve.java:92)
	at org.apache.catalina.core.StandardEngineValve.invoke(StandardEngineValve.java:78)
	at org.apache.catalina.connector.CoyoteAdapter.service(CoyoteAdapter.java:360)
	at org.apache.coyote.http11.Http11Processor.service(Http11Processor.java:399)
	at org.apache.coyote.AbstractProcessorLight.process(AbstractProcessorLight.java:65)
	at org.apache.coyote.AbstractProtocol$ConnectionHandler.process(AbstractProtocol.java:890)
	at org.apache.tomcat.util.net.NioEndpoint$SocketProcessor.doRun(NioEndpoint.java:1789)
	at org.apache.tomcat.util.net.SocketProcessorBase.run(SocketProcessorBase.java:49)
	at org.apache.tomcat.util.threads.ThreadPoolExecutor.runWorker(ThreadPoolExecutor.java:1191)
	at org.apache.tomcat.util.threads.ThreadPoolExecutor$Worker.run(ThreadPoolExecutor.java:659)
	at org.apache.tomcat.util.threads.TaskThread$WrappingRunnable.run(TaskThread.java:61)
	at java.base/java.lang.Thread.run(Thread.java:834)
Caused by: org.hibernate.exception.ConstraintViolationException: could not execute statement
	at org.hibernate.exception.internal.SQLStateConversionDelegate.convert(SQLStateConversionDelegate.java:109)
	at org.hibernate.exception.internal.StandardSQLExceptionConverter.convert(StandardSQLExceptionConverter.java:37)
	at org.hibernate.engine.jdbc.spi.SqlExceptionHelper.convert(SqlExceptionHelper.java:113)
	at org.hibernate.engine.jdbc.spi.SqlExceptionHelper.convert(SqlExceptionHelper.java:99)
	at org.hibernate.engine.jdbc.internal.ResultSetReturnImpl.executeUpdate(ResultSetReturnImpl.java:200)
	at org.hibernate.dialect.identity.GetGeneratedKeysDelegate.executeAndExtract(GetGeneratedKeysDelegate.java:58)
	at org.hibernate.id.insert.AbstractReturningDelegate.performInsert(AbstractReturningDelegate.java:43)
	at org.hibernate.persister.entity.AbstractEntityPersister.insert(AbstractEntityPersister.java:3279)
	at org.hibernate.persister.entity.AbstractEntityPersister.insert(AbstractEntityPersister.java:3885)
	at org.hibernate.action.internal.EntityIdentityInsertAction.execute(EntityIdentityInsertAction.java:84)
	at org.hibernate.engine.spi.ActionQueue.execute(ActionQueue.java:645)
	at org.hibernate.engine.spi.ActionQueue.addResolvedEntityInsertAction(ActionQueue.java:282)
	at org.hibernate.engine.spi.ActionQueue.addInsertAction(ActionQueue.java:263)
	at org.hibernate.engine.spi.ActionQueue.addAction(ActionQueue.java:317)
	at org.hibernate.event.internal.AbstractSaveEventListener.addInsertAction(AbstractSaveEventListener.java:330)
	at org.hibernate.event.internal.AbstractSaveEventListener.performSaveOrReplicate(AbstractSaveEventListener.java:287)
	at org.hibernate.event.internal.AbstractSaveEventListener.performSave(AbstractSaveEventListener.java:193)
	at org.hibernate.event.internal.AbstractSaveEventListener.saveWithGeneratedId(AbstractSaveEventListener.java:123)
	at org.hibernate.event.internal.DefaultMergeEventListener.saveTransientEntity(DefaultMergeEventListener.java:271)
	at org.hibernate.event.internal.DefaultMergeEventListener.entityIsTransient(DefaultMergeEventListener.java:243)
	at org.hibernate.event.internal.DefaultMergeEventListener.entityIsDetached(DefaultMergeEventListener.java:318)
	at org.hibernate.event.internal.DefaultMergeEventListener.onMerge(DefaultMergeEventListener.java:172)
	at org.hibernate.event.internal.DefaultMergeEventListener.onMerge(DefaultMergeEventListener.java:70)
	at org.hibernate.event.service.internal.EventListenerGroupImpl.fireEventOnEachListener(EventListenerGroupImpl.java:107)
	at org.hibernate.internal.SessionImpl.fireMerge(SessionImpl.java:829)
	at org.hibernate.internal.SessionImpl.merge(SessionImpl.java:816)
	at java.base/jdk.internal.reflect.NativeMethodAccessorImpl.invoke0(Native Method)
	at java.base/jdk.internal.reflect.NativeMethodAccessorImpl.invoke(NativeMethodAccessorImpl.java:62)
	at java.base/jdk.internal.reflect.DelegatingMethodAccessorImpl.invoke(DelegatingMethodAccessorImpl.java:43)
	at java.base/java.lang.reflect.Method.invoke(Method.java:566)
	at org.springframework.orm.jpa.ExtendedEntityManagerCreator$ExtendedEntityManagerInvocationHandler.invoke(ExtendedEntityManagerCreator.java:362)
	at com.sun.proxy.$Proxy131.merge(Unknown Source)
	at java.base/jdk.internal.reflect.NativeMethodAccessorImpl.invoke0(Native Method)
	at java.base/jdk.internal.reflect.NativeMethodAccessorImpl.invoke(NativeMethodAccessorImpl.java:62)
	at java.base/jdk.internal.reflect.DelegatingMethodAccessorImpl.invoke(DelegatingMethodAccessorImpl.java:43)
	at java.base/java.lang.reflect.Method.invoke(Method.java:566)
	at org.springframework.orm.jpa.SharedEntityManagerCreator$SharedEntityManagerInvocationHandler.invoke(SharedEntityManagerCreator.java:311)
	at com.sun.proxy.$Proxy131.merge(Unknown Source)
	at org.springframework.data.jpa.repository.support.SimpleJpaRepository.save(SimpleJpaRepository.java:669)
	at java.base/jdk.internal.reflect.NativeMethodAccessorImpl.invoke0(Native Method)
	at java.base/jdk.internal.reflect.NativeMethodAccessorImpl.invoke(NativeMethodAccessorImpl.java:62)
	at java.base/jdk.internal.reflect.DelegatingMethodAccessorImpl.invoke(DelegatingMethodAccessorImpl.java:43)
	at java.base/java.lang.reflect.Method.invoke(Method.java:566)
	at org.springframework.data.repository.core.support.RepositoryMethodInvoker$RepositoryFragmentMethodInvoker.lambda$new$0(RepositoryMethodInvoker.java:289)
	at org.springframework.data.repository.core.support.RepositoryMethodInvoker.doInvoke(RepositoryMethodInvoker.java:137)
	at org.springframework.data.repository.core.support.RepositoryMethodInvoker.invoke(RepositoryMethodInvoker.java:121)
	at org.springframework.data.repository.core.support.RepositoryComposition$RepositoryFragments.invoke(RepositoryComposition.java:530)
	at org.springframework.data.repository.core.support.RepositoryComposition.invoke(RepositoryComposition.java:286)
	at org.springframework.data.repository.core.support.RepositoryFactorySupport$ImplementationMethodExecutionInterceptor.invoke(RepositoryFactorySupport.java:640)
	at org.springframework.aop.framework.ReflectiveMethodInvocation.proceed(ReflectiveMethodInvocation.java:186)
	at org.springframework.data.repository.core.support.QueryExecutorMethodInterceptor.doInvoke(QueryExecutorMethodInterceptor.java:164)
	at org.springframework.data.repository.core.support.QueryExecutorMethodInterceptor.invoke(QueryExecutorMethodInterceptor.java:139)
	at org.springframework.aop.framework.ReflectiveMethodInvocation.proceed(ReflectiveMethodInvocation.java:186)
	at org.springframework.data.projection.DefaultMethodInvokingMethodInterceptor.invoke(DefaultMethodInvokingMethodInterceptor.java:81)
	at org.springframework.aop.framework.ReflectiveMethodInvocation.proceed(ReflectiveMethodInvocation.java:186)
	at org.springframework.transaction.interceptor.TransactionInterceptor$1.proceedWithInvocation(TransactionInterceptor.java:123)
	at org.springframework.transaction.interceptor.TransactionAspectSupport.invokeWithinTransaction(TransactionAspectSupport.java:388)
	at org.springframework.transaction.interceptor.TransactionInterceptor.invoke(TransactionInterceptor.java:119)
	at org.springframework.aop.framework.ReflectiveMethodInvocation.proceed(ReflectiveMethodInvocation.java:186)
	at org.springframework.dao.support.PersistenceExceptionTranslationInterceptor.invoke(PersistenceExceptionTranslationInterceptor.java:137)
	... 108 more
Caused by: org.postgresql.util.PSQLException: ERROR: duplicate key value violates unique constraint "batches_pkey"
  Detail: Key (id)=(1) already exists.
	at org.postgresql.core.v3.QueryExecutorImpl.receiveErrorResponse(QueryExecutorImpl.java:2675)
	at org.postgresql.core.v3.QueryExecutorImpl.processResults(QueryExecutorImpl.java:2365)
	at org.postgresql.core.v3.QueryExecutorImpl.execute(QueryExecutorImpl.java:355)
	at org.postgresql.jdbc.PgStatement.executeInternal(PgStatement.java:490)
	at org.postgresql.jdbc.PgStatement.execute(PgStatement.java:408)
	at org.postgresql.jdbc.PgPreparedStatement.executeWithFlags(PgPreparedStatement.java:167)
	at org.postgresql.jdbc.PgPreparedStatement.executeUpdate(PgPreparedStatement.java:135)
	at com.zaxxer.hikari.pool.ProxyPreparedStatement.executeUpdate(ProxyPreparedStatement.java:61)
	at com.zaxxer.hikari.pool.HikariProxyPreparedStatement.executeUpdate(HikariProxyPreparedStatement.java)
	at org.hibernate.engine.jdbc.internal.ResultSetReturnImpl.executeUpdate(ResultSetReturnImpl.java:197)
	... 163 more

2022-11-14 05:49:09.148 [http-nio-8880-exec-9] INFO  i.k.core.controller.BatchController - << /batch/1? >>
2022-11-14 05:49:15.429 [http-nio-8880-exec-10] INFO  i.k.core.controller.BatchController - << /batch/2? >>
2022-11-14 05:49:23.756 [http-nio-8880-exec-4] INFO  i.k.core.controller.BatchController - << /batch/1? >>
2022-11-14 05:53:15.578 [main] INFO  id.kedukasi.core.Application - Starting Application using Java 11.0.15.1 on Mac21s-MacBook-Pro.local with PID 73219 (/Volumes/Mac HD/aplikasijava/spring boot/MIS/kedukasi-service-B3IrfanRifai-dev/target/classes started by mac21 in /Volumes/Mac HD/aplikasijava/spring boot/MIS/kedukasi-service-B3IrfanRifai-dev)
2022-11-14 05:53:15.626 [main] DEBUG id.kedukasi.core.Application - Running with Spring Boot v2.7.3, Spring v5.3.22
2022-11-14 05:53:15.627 [main] INFO  id.kedukasi.core.Application - No active profile set, falling back to 1 default profile: "default"
2022-11-14 05:53:24.636 [main] DEBUG i.k.core.config.AuthTokenFilter - Filter 'authenticationJwtTokenFilter' configured for use
2022-11-14 05:53:28.474 [main] INFO  id.kedukasi.core.Application - Started Application in 13.984 seconds (JVM running for 15.845)
2022-11-14 05:56:35.725 [http-nio-8880-exec-2] INFO  i.k.c.c.BatchPublicController - << /publicbatch/all? >>
2022-11-14 05:56:40.755 [http-nio-8880-exec-3] INFO  i.k.c.c.BatchPublicController - << /publicbatch/1? >>
2022-11-14 05:59:20.279 [http-nio-8880-exec-6] ERROR id.kedukasi.core.utils.JwtUtils - JWT token is expired: JWT expired at 2022-09-29T15:50:46Z. Current time: 2022-11-14T05:59:20Z, a difference of 3938914276 milliseconds.  Allowed clock skew: 0 milliseconds.
2022-11-14 05:59:20.282 [http-nio-8880-exec-6] INFO  i.k.c.c.SimpanPesertaController - << /simpanPeserta/all? >>
2022-11-14 05:59:30.111 [http-nio-8880-exec-7] ERROR id.kedukasi.core.utils.JwtUtils - JWT token is expired: JWT expired at 2022-09-29T15:50:46Z. Current time: 2022-11-14T05:59:30Z, a difference of 3938924111 milliseconds.  Allowed clock skew: 0 milliseconds.
2022-11-14 06:01:05.304 [http-nio-8880-exec-9] ERROR id.kedukasi.core.utils.JwtUtils - JWT token is expired: JWT expired at 2022-09-29T15:50:46Z. Current time: 2022-11-14T06:01:05Z, a difference of 3939019303 milliseconds.  Allowed clock skew: 0 milliseconds.
2022-11-14 06:02:29.687 [http-nio-8880-exec-2] ERROR id.kedukasi.core.utils.JwtUtils - JWT token is expired: JWT expired at 2022-09-22T06:27:55Z. Current time: 2022-11-14T06:02:29Z, a difference of 4577674687 milliseconds.  Allowed clock skew: 0 milliseconds.
2022-11-14 06:02:54.724 [http-nio-8880-exec-4] INFO  i.k.c.c.CalonPesertaController - << /calonPeserta/all? >>
2022-11-14 06:03:05.137 [http-nio-8880-exec-5] INFO  i.k.c.c.CalonPesertaController - << /calonPeserta/1? >>
2022-11-14 06:03:14.072 [http-nio-8880-exec-6] INFO  i.k.c.c.CalonPesertaController - << /calonPeserta/2? >>
2022-11-14 06:04:46.875 [http-nio-8880-exec-8] INFO  i.k.core.controller.KelasController - << /kelas/1? >>
2022-11-14 06:05:09.798 [http-nio-8880-exec-10] INFO  i.k.core.controller.KelasController - << /kelas/2? >>
2022-11-14 06:05:16.835 [http-nio-8880-exec-1] INFO  i.k.core.controller.KelasController - << /kelas/1? >>
2022-11-14 06:05:58.833 [http-nio-8880-exec-2] INFO  i.k.core.controller.KelasController - << /kelas/allBanned? >>
2022-11-14 06:07:11.706 [http-nio-8880-exec-5] ERROR id.kedukasi.core.utils.JwtUtils - JWT token is expired: JWT expired at 2022-09-29T22:31:18Z. Current time: 2022-11-14T06:07:11Z, a difference of 3915353706 milliseconds.  Allowed clock skew: 0 milliseconds.
2022-11-14 06:07:41.834 [http-nio-8880-exec-6] ERROR i.k.c.serviceImpl.KelasServiceImpl - org.springframework.dao.DataIntegrityViolationException: could not execute statement; SQL [n/a]; constraint [classes_pkey]; nested exception is org.hibernate.exception.ConstraintViolationException: could not execute statement
	at org.springframework.orm.jpa.vendor.HibernateJpaDialect.convertHibernateAccessException(HibernateJpaDialect.java:276)
	at org.springframework.orm.jpa.vendor.HibernateJpaDialect.translateExceptionIfPossible(HibernateJpaDialect.java:233)
	at org.springframework.orm.jpa.AbstractEntityManagerFactoryBean.translateExceptionIfPossible(AbstractEntityManagerFactoryBean.java:551)
	at org.springframework.dao.support.ChainedPersistenceExceptionTranslator.translateExceptionIfPossible(ChainedPersistenceExceptionTranslator.java:61)
	at org.springframework.dao.support.DataAccessUtils.translateIfNecessary(DataAccessUtils.java:242)
	at org.springframework.dao.support.PersistenceExceptionTranslationInterceptor.invoke(PersistenceExceptionTranslationInterceptor.java:152)
	at org.springframework.aop.framework.ReflectiveMethodInvocation.proceed(ReflectiveMethodInvocation.java:186)
	at org.springframework.data.jpa.repository.support.CrudMethodMetadataPostProcessor$CrudMethodMetadataPopulatingMethodInterceptor.invoke(CrudMethodMetadataPostProcessor.java:174)
	at org.springframework.aop.framework.ReflectiveMethodInvocation.proceed(ReflectiveMethodInvocation.java:186)
	at org.springframework.aop.interceptor.ExposeInvocationInterceptor.invoke(ExposeInvocationInterceptor.java:97)
	at org.springframework.aop.framework.ReflectiveMethodInvocation.proceed(ReflectiveMethodInvocation.java:186)
	at org.springframework.aop.framework.JdkDynamicAopProxy.invoke(JdkDynamicAopProxy.java:215)
	at com.sun.proxy.$Proxy148.save(Unknown Source)
	at id.kedukasi.core.serviceImpl.KelasServiceImpl.updateClass(KelasServiceImpl.java:118)
	at id.kedukasi.core.controller.KelasController.createClass(KelasController.java:59)
	at id.kedukasi.core.controller.KelasController$$FastClassBySpringCGLIB$$59fc9399.invoke(<generated>)
	at org.springframework.cglib.proxy.MethodProxy.invoke(MethodProxy.java:218)
	at org.springframework.aop.framework.CglibAopProxy$CglibMethodInvocation.invokeJoinpoint(CglibAopProxy.java:793)
	at org.springframework.aop.framework.ReflectiveMethodInvocation.proceed(ReflectiveMethodInvocation.java:163)
	at org.springframework.aop.framework.CglibAopProxy$CglibMethodInvocation.proceed(CglibAopProxy.java:763)
	at org.springframework.security.access.intercept.aopalliance.MethodSecurityInterceptor.invoke(MethodSecurityInterceptor.java:61)
	at org.springframework.aop.framework.ReflectiveMethodInvocation.proceed(ReflectiveMethodInvocation.java:186)
	at org.springframework.aop.framework.CglibAopProxy$CglibMethodInvocation.proceed(CglibAopProxy.java:763)
	at org.springframework.aop.framework.CglibAopProxy$DynamicAdvisedInterceptor.intercept(CglibAopProxy.java:708)
	at id.kedukasi.core.controller.KelasController$$EnhancerBySpringCGLIB$$f334040a.createClass(<generated>)
	at java.base/jdk.internal.reflect.NativeMethodAccessorImpl.invoke0(Native Method)
	at java.base/jdk.internal.reflect.NativeMethodAccessorImpl.invoke(NativeMethodAccessorImpl.java:62)
	at java.base/jdk.internal.reflect.DelegatingMethodAccessorImpl.invoke(DelegatingMethodAccessorImpl.java:43)
	at java.base/java.lang.reflect.Method.invoke(Method.java:566)
	at org.springframework.web.method.support.InvocableHandlerMethod.doInvoke(InvocableHandlerMethod.java:205)
	at org.springframework.web.method.support.InvocableHandlerMethod.invokeForRequest(InvocableHandlerMethod.java:150)
	at org.springframework.web.servlet.mvc.method.annotation.ServletInvocableHandlerMethod.invokeAndHandle(ServletInvocableHandlerMethod.java:117)
	at org.springframework.web.servlet.mvc.method.annotation.RequestMappingHandlerAdapter.invokeHandlerMethod(RequestMappingHandlerAdapter.java:895)
	at org.springframework.web.servlet.mvc.method.annotation.RequestMappingHandlerAdapter.handleInternal(RequestMappingHandlerAdapter.java:808)
	at org.springframework.web.servlet.mvc.method.AbstractHandlerMethodAdapter.handle(AbstractHandlerMethodAdapter.java:87)
	at org.springframework.web.servlet.DispatcherServlet.doDispatch(DispatcherServlet.java:1070)
	at org.springframework.web.servlet.DispatcherServlet.doService(DispatcherServlet.java:963)
	at org.springframework.web.servlet.FrameworkServlet.processRequest(FrameworkServlet.java:1006)
	at org.springframework.web.servlet.FrameworkServlet.doPost(FrameworkServlet.java:909)
	at javax.servlet.http.HttpServlet.service(HttpServlet.java:681)
	at org.springframework.web.servlet.FrameworkServlet.service(FrameworkServlet.java:883)
	at javax.servlet.http.HttpServlet.service(HttpServlet.java:764)
	at org.apache.catalina.core.ApplicationFilterChain.internalDoFilter(ApplicationFilterChain.java:227)
	at org.apache.catalina.core.ApplicationFilterChain.doFilter(ApplicationFilterChain.java:162)
	at org.apache.tomcat.websocket.server.WsFilter.doFilter(WsFilter.java:53)
	at org.apache.catalina.core.ApplicationFilterChain.internalDoFilter(ApplicationFilterChain.java:189)
	at org.apache.catalina.core.ApplicationFilterChain.doFilter(ApplicationFilterChain.java:162)
	at org.springframework.web.filter.OncePerRequestFilter.doFilter(OncePerRequestFilter.java:111)
	at org.apache.catalina.core.ApplicationFilterChain.internalDoFilter(ApplicationFilterChain.java:189)
	at org.apache.catalina.core.ApplicationFilterChain.doFilter(ApplicationFilterChain.java:162)
	at org.springframework.security.web.FilterChainProxy$VirtualFilterChain.doFilter(FilterChainProxy.java:337)
	at org.springframework.security.web.access.intercept.FilterSecurityInterceptor.invoke(FilterSecurityInterceptor.java:115)
	at org.springframework.security.web.access.intercept.FilterSecurityInterceptor.doFilter(FilterSecurityInterceptor.java:81)
	at org.springframework.security.web.FilterChainProxy$VirtualFilterChain.doFilter(FilterChainProxy.java:346)
	at org.springframework.security.web.access.ExceptionTranslationFilter.doFilter(ExceptionTranslationFilter.java:122)
	at org.springframework.security.web.access.ExceptionTranslationFilter.doFilter(ExceptionTranslationFilter.java:116)
	at org.springframework.security.web.FilterChainProxy$VirtualFilterChain.doFilter(FilterChainProxy.java:346)
	at org.springframework.security.web.session.SessionManagementFilter.doFilter(SessionManagementFilter.java:126)
	at org.springframework.security.web.session.SessionManagementFilter.doFilter(SessionManagementFilter.java:81)
	at org.springframework.security.web.FilterChainProxy$VirtualFilterChain.doFilter(FilterChainProxy.java:346)
	at org.springframework.security.web.authentication.AnonymousAuthenticationFilter.doFilter(AnonymousAuthenticationFilter.java:109)
	at org.springframework.security.web.FilterChainProxy$VirtualFilterChain.doFilter(FilterChainProxy.java:346)
	at org.springframework.security.web.servletapi.SecurityContextHolderAwareRequestFilter.doFilter(SecurityContextHolderAwareRequestFilter.java:149)
	at org.springframework.security.web.FilterChainProxy$VirtualFilterChain.doFilter(FilterChainProxy.java:346)
	at org.springframework.security.web.savedrequest.RequestCacheAwareFilter.doFilter(RequestCacheAwareFilter.java:63)
	at org.springframework.security.web.FilterChainProxy$VirtualFilterChain.doFilter(FilterChainProxy.java:346)
	at id.kedukasi.core.config.AuthTokenFilter.doFilterInternal(AuthTokenFilter.java:54)
	at org.springframework.web.filter.OncePerRequestFilter.doFilter(OncePerRequestFilter.java:117)
	at org.springframework.security.web.FilterChainProxy$VirtualFilterChain.doFilter(FilterChainProxy.java:346)
	at org.springframework.security.web.authentication.logout.LogoutFilter.doFilter(LogoutFilter.java:103)
	at org.springframework.security.web.authentication.logout.LogoutFilter.doFilter(LogoutFilter.java:89)
	at org.springframework.security.web.FilterChainProxy$VirtualFilterChain.doFilter(FilterChainProxy.java:346)
	at org.springframework.web.filter.CorsFilter.doFilterInternal(CorsFilter.java:91)
	at org.springframework.web.filter.OncePerRequestFilter.doFilter(OncePerRequestFilter.java:117)
	at org.springframework.security.web.FilterChainProxy$VirtualFilterChain.doFilter(FilterChainProxy.java:346)
	at org.springframework.security.web.header.HeaderWriterFilter.doHeadersAfter(HeaderWriterFilter.java:90)
	at org.springframework.security.web.header.HeaderWriterFilter.doFilterInternal(HeaderWriterFilter.java:75)
	at org.springframework.web.filter.OncePerRequestFilter.doFilter(OncePerRequestFilter.java:117)
	at org.springframework.security.web.FilterChainProxy$VirtualFilterChain.doFilter(FilterChainProxy.java:346)
	at org.springframework.security.web.context.SecurityContextPersistenceFilter.doFilter(SecurityContextPersistenceFilter.java:112)
	at org.springframework.security.web.context.SecurityContextPersistenceFilter.doFilter(SecurityContextPersistenceFilter.java:82)
	at org.springframework.security.web.FilterChainProxy$VirtualFilterChain.doFilter(FilterChainProxy.java:346)
	at org.springframework.security.web.context.request.async.WebAsyncManagerIntegrationFilter.doFilterInternal(WebAsyncManagerIntegrationFilter.java:55)
	at org.springframework.web.filter.OncePerRequestFilter.doFilter(OncePerRequestFilter.java:117)
	at org.springframework.security.web.FilterChainProxy$VirtualFilterChain.doFilter(FilterChainProxy.java:346)
	at org.springframework.security.web.session.DisableEncodeUrlFilter.doFilterInternal(DisableEncodeUrlFilter.java:42)
	at org.springframework.web.filter.OncePerRequestFilter.doFilter(OncePerRequestFilter.java:117)
	at org.springframework.security.web.FilterChainProxy$VirtualFilterChain.doFilter(FilterChainProxy.java:346)
	at org.springframework.security.web.FilterChainProxy.doFilterInternal(FilterChainProxy.java:221)
	at org.springframework.security.web.FilterChainProxy.doFilter(FilterChainProxy.java:186)
	at org.springframework.web.filter.DelegatingFilterProxy.invokeDelegate(DelegatingFilterProxy.java:354)
	at org.springframework.web.filter.DelegatingFilterProxy.doFilter(DelegatingFilterProxy.java:267)
	at org.apache.catalina.core.ApplicationFilterChain.internalDoFilter(ApplicationFilterChain.java:189)
	at org.apache.catalina.core.ApplicationFilterChain.doFilter(ApplicationFilterChain.java:162)
	at org.springframework.web.filter.CharacterEncodingFilter.doFilterInternal(CharacterEncodingFilter.java:201)
	at org.springframework.web.filter.OncePerRequestFilter.doFilter(OncePerRequestFilter.java:117)
	at org.apache.catalina.core.ApplicationFilterChain.internalDoFilter(ApplicationFilterChain.java:189)
	at org.apache.catalina.core.ApplicationFilterChain.doFilter(ApplicationFilterChain.java:162)
	at org.apache.catalina.core.StandardWrapperValve.invoke(StandardWrapperValve.java:197)
	at org.apache.catalina.core.StandardContextValve.invoke(StandardContextValve.java:97)
	at org.apache.catalina.authenticator.AuthenticatorBase.invoke(AuthenticatorBase.java:541)
	at org.apache.catalina.core.StandardHostValve.invoke(StandardHostValve.java:135)
	at org.apache.catalina.valves.ErrorReportValve.invoke(ErrorReportValve.java:92)
	at org.apache.catalina.core.StandardEngineValve.invoke(StandardEngineValve.java:78)
	at org.apache.catalina.connector.CoyoteAdapter.service(CoyoteAdapter.java:360)
	at org.apache.coyote.http11.Http11Processor.service(Http11Processor.java:399)
	at org.apache.coyote.AbstractProcessorLight.process(AbstractProcessorLight.java:65)
	at org.apache.coyote.AbstractProtocol$ConnectionHandler.process(AbstractProtocol.java:890)
	at org.apache.tomcat.util.net.NioEndpoint$SocketProcessor.doRun(NioEndpoint.java:1789)
	at org.apache.tomcat.util.net.SocketProcessorBase.run(SocketProcessorBase.java:49)
	at org.apache.tomcat.util.threads.ThreadPoolExecutor.runWorker(ThreadPoolExecutor.java:1191)
	at org.apache.tomcat.util.threads.ThreadPoolExecutor$Worker.run(ThreadPoolExecutor.java:659)
	at org.apache.tomcat.util.threads.TaskThread$WrappingRunnable.run(TaskThread.java:61)
	at java.base/java.lang.Thread.run(Thread.java:834)
Caused by: org.hibernate.exception.ConstraintViolationException: could not execute statement
	at org.hibernate.exception.internal.SQLStateConversionDelegate.convert(SQLStateConversionDelegate.java:109)
	at org.hibernate.exception.internal.StandardSQLExceptionConverter.convert(StandardSQLExceptionConverter.java:37)
	at org.hibernate.engine.jdbc.spi.SqlExceptionHelper.convert(SqlExceptionHelper.java:113)
	at org.hibernate.engine.jdbc.spi.SqlExceptionHelper.convert(SqlExceptionHelper.java:99)
	at org.hibernate.engine.jdbc.internal.ResultSetReturnImpl.executeUpdate(ResultSetReturnImpl.java:200)
	at org.hibernate.dialect.identity.GetGeneratedKeysDelegate.executeAndExtract(GetGeneratedKeysDelegate.java:58)
	at org.hibernate.id.insert.AbstractReturningDelegate.performInsert(AbstractReturningDelegate.java:43)
	at org.hibernate.persister.entity.AbstractEntityPersister.insert(AbstractEntityPersister.java:3279)
	at org.hibernate.persister.entity.AbstractEntityPersister.insert(AbstractEntityPersister.java:3885)
	at org.hibernate.action.internal.EntityIdentityInsertAction.execute(EntityIdentityInsertAction.java:84)
	at org.hibernate.engine.spi.ActionQueue.execute(ActionQueue.java:645)
	at org.hibernate.engine.spi.ActionQueue.addResolvedEntityInsertAction(ActionQueue.java:282)
	at org.hibernate.engine.spi.ActionQueue.addInsertAction(ActionQueue.java:263)
	at org.hibernate.engine.spi.ActionQueue.addAction(ActionQueue.java:317)
	at org.hibernate.event.internal.AbstractSaveEventListener.addInsertAction(AbstractSaveEventListener.java:330)
	at org.hibernate.event.internal.AbstractSaveEventListener.performSaveOrReplicate(AbstractSaveEventListener.java:287)
	at org.hibernate.event.internal.AbstractSaveEventListener.performSave(AbstractSaveEventListener.java:193)
	at org.hibernate.event.internal.AbstractSaveEventListener.saveWithGeneratedId(AbstractSaveEventListener.java:123)
	at org.hibernate.event.internal.DefaultMergeEventListener.saveTransientEntity(DefaultMergeEventListener.java:271)
	at org.hibernate.event.internal.DefaultMergeEventListener.entityIsTransient(DefaultMergeEventListener.java:243)
	at org.hibernate.event.internal.DefaultMergeEventListener.entityIsDetached(DefaultMergeEventListener.java:318)
	at org.hibernate.event.internal.DefaultMergeEventListener.onMerge(DefaultMergeEventListener.java:172)
	at org.hibernate.event.internal.DefaultMergeEventListener.onMerge(DefaultMergeEventListener.java:70)
	at org.hibernate.event.service.internal.EventListenerGroupImpl.fireEventOnEachListener(EventListenerGroupImpl.java:107)
	at org.hibernate.internal.SessionImpl.fireMerge(SessionImpl.java:829)
	at org.hibernate.internal.SessionImpl.merge(SessionImpl.java:816)
	at java.base/jdk.internal.reflect.NativeMethodAccessorImpl.invoke0(Native Method)
	at java.base/jdk.internal.reflect.NativeMethodAccessorImpl.invoke(NativeMethodAccessorImpl.java:62)
	at java.base/jdk.internal.reflect.DelegatingMethodAccessorImpl.invoke(DelegatingMethodAccessorImpl.java:43)
	at java.base/java.lang.reflect.Method.invoke(Method.java:566)
	at org.springframework.orm.jpa.ExtendedEntityManagerCreator$ExtendedEntityManagerInvocationHandler.invoke(ExtendedEntityManagerCreator.java:362)
	at com.sun.proxy.$Proxy131.merge(Unknown Source)
	at java.base/jdk.internal.reflect.NativeMethodAccessorImpl.invoke0(Native Method)
	at java.base/jdk.internal.reflect.NativeMethodAccessorImpl.invoke(NativeMethodAccessorImpl.java:62)
	at java.base/jdk.internal.reflect.DelegatingMethodAccessorImpl.invoke(DelegatingMethodAccessorImpl.java:43)
	at java.base/java.lang.reflect.Method.invoke(Method.java:566)
	at org.springframework.orm.jpa.SharedEntityManagerCreator$SharedEntityManagerInvocationHandler.invoke(SharedEntityManagerCreator.java:311)
	at com.sun.proxy.$Proxy131.merge(Unknown Source)
	at org.springframework.data.jpa.repository.support.SimpleJpaRepository.save(SimpleJpaRepository.java:669)
	at java.base/jdk.internal.reflect.NativeMethodAccessorImpl.invoke0(Native Method)
	at java.base/jdk.internal.reflect.NativeMethodAccessorImpl.invoke(NativeMethodAccessorImpl.java:62)
	at java.base/jdk.internal.reflect.DelegatingMethodAccessorImpl.invoke(DelegatingMethodAccessorImpl.java:43)
	at java.base/java.lang.reflect.Method.invoke(Method.java:566)
	at org.springframework.data.repository.core.support.RepositoryMethodInvoker$RepositoryFragmentMethodInvoker.lambda$new$0(RepositoryMethodInvoker.java:289)
	at org.springframework.data.repository.core.support.RepositoryMethodInvoker.doInvoke(RepositoryMethodInvoker.java:137)
	at org.springframework.data.repository.core.support.RepositoryMethodInvoker.invoke(RepositoryMethodInvoker.java:121)
	at org.springframework.data.repository.core.support.RepositoryComposition$RepositoryFragments.invoke(RepositoryComposition.java:530)
	at org.springframework.data.repository.core.support.RepositoryComposition.invoke(RepositoryComposition.java:286)
	at org.springframework.data.repository.core.support.RepositoryFactorySupport$ImplementationMethodExecutionInterceptor.invoke(RepositoryFactorySupport.java:640)
	at org.springframework.aop.framework.ReflectiveMethodInvocation.proceed(ReflectiveMethodInvocation.java:186)
	at org.springframework.data.repository.core.support.QueryExecutorMethodInterceptor.doInvoke(QueryExecutorMethodInterceptor.java:164)
	at org.springframework.data.repository.core.support.QueryExecutorMethodInterceptor.invoke(QueryExecutorMethodInterceptor.java:139)
	at org.springframework.aop.framework.ReflectiveMethodInvocation.proceed(ReflectiveMethodInvocation.java:186)
	at org.springframework.data.projection.DefaultMethodInvokingMethodInterceptor.invoke(DefaultMethodInvokingMethodInterceptor.java:81)
	at org.springframework.aop.framework.ReflectiveMethodInvocation.proceed(ReflectiveMethodInvocation.java:186)
	at org.springframework.transaction.interceptor.TransactionInterceptor$1.proceedWithInvocation(TransactionInterceptor.java:123)
	at org.springframework.transaction.interceptor.TransactionAspectSupport.invokeWithinTransaction(TransactionAspectSupport.java:388)
	at org.springframework.transaction.interceptor.TransactionInterceptor.invoke(TransactionInterceptor.java:119)
	at org.springframework.aop.framework.ReflectiveMethodInvocation.proceed(ReflectiveMethodInvocation.java:186)
	at org.springframework.dao.support.PersistenceExceptionTranslationInterceptor.invoke(PersistenceExceptionTranslationInterceptor.java:137)
	... 108 more
Caused by: org.postgresql.util.PSQLException: ERROR: duplicate key value violates unique constraint "classes_pkey"
  Detail: Key (id)=(1) already exists.
	at org.postgresql.core.v3.QueryExecutorImpl.receiveErrorResponse(QueryExecutorImpl.java:2675)
	at org.postgresql.core.v3.QueryExecutorImpl.processResults(QueryExecutorImpl.java:2365)
	at org.postgresql.core.v3.QueryExecutorImpl.execute(QueryExecutorImpl.java:355)
	at org.postgresql.jdbc.PgStatement.executeInternal(PgStatement.java:490)
	at org.postgresql.jdbc.PgStatement.execute(PgStatement.java:408)
	at org.postgresql.jdbc.PgPreparedStatement.executeWithFlags(PgPreparedStatement.java:167)
	at org.postgresql.jdbc.PgPreparedStatement.executeUpdate(PgPreparedStatement.java:135)
	at com.zaxxer.hikari.pool.ProxyPreparedStatement.executeUpdate(ProxyPreparedStatement.java:61)
	at com.zaxxer.hikari.pool.HikariProxyPreparedStatement.executeUpdate(HikariProxyPreparedStatement.java)
	at org.hibernate.engine.jdbc.internal.ResultSetReturnImpl.executeUpdate(ResultSetReturnImpl.java:197)
	... 163 more

2022-11-14 06:07:59.900 [http-nio-8880-exec-9] INFO  i.k.core.controller.KelasController - << /kelas/all? >>
2022-11-14 06:08:19.621 [http-nio-8880-exec-10] INFO  i.k.core.controller.KelasController - << /kelas/all? >>
2022-11-14 06:12:43.716 [main] INFO  id.kedukasi.core.Application - Starting Application using Java 11.0.15.1 on Mac21s-MacBook-Pro.local with PID 74257 (/Volumes/Mac HD/aplikasijava/spring boot/MIS/kedukasi-service-B3IrfanRifai-dev/target/classes started by mac21 in /Volumes/Mac HD/aplikasijava/spring boot/MIS/kedukasi-service-B3IrfanRifai-dev)
2022-11-14 06:12:43.724 [main] DEBUG id.kedukasi.core.Application - Running with Spring Boot v2.7.3, Spring v5.3.22
2022-11-14 06:12:43.727 [main] INFO  id.kedukasi.core.Application - No active profile set, falling back to 1 default profile: "default"
2022-11-14 06:12:51.380 [main] DEBUG i.k.core.config.AuthTokenFilter - Filter 'authenticationJwtTokenFilter' configured for use
2022-11-14 06:12:54.373 [main] INFO  id.kedukasi.core.Application - Started Application in 11.963 seconds (JVM running for 14.296)
2022-11-14 06:13:00.246 [http-nio-8880-exec-2] INFO  i.k.c.c.PublicProgramController - << /publickelas/1? >>
2022-11-14 06:13:04.339 [http-nio-8880-exec-3] INFO  i.k.c.c.PublicProgramController - << /publickelas/all? >>
