2022-11-10 23:22:34.603 [background-preinit] INFO  o.h.validator.internal.util.Version - HV000001: Hibernate Validator 6.2.4.Final
2022-11-10 23:22:34.644 [main] INFO  id.kedukasi.core.Application - Starting Application using Java 11.0.15.1 on Mac21s-MacBook-Pro.local with PID 16367 (/Volumes/Mac HD/aplikasijava/spring boot/MIS/kedukasi-service-B3IrfanRifai-dev/target/classes started by mac21 in /Volumes/Mac HD/aplikasijava/spring boot/MIS/kedukasi-service-B3IrfanRifai-dev)
2022-11-10 23:22:34.650 [main] DEBUG id.kedukasi.core.Application - Running with Spring Boot v2.7.3, Spring v5.3.22
2022-11-10 23:22:34.652 [main] INFO  id.kedukasi.core.Application - No active profile set, falling back to 1 default profile: "default"
2022-11-10 23:22:37.654 [main] INFO  o.s.d.r.c.RepositoryConfigurationDelegate - Bootstrapping Spring Data JPA repositories in DEFAULT mode.
2022-11-10 23:22:37.893 [main] INFO  o.s.d.r.c.RepositoryConfigurationDelegate - Finished Spring Data repository scanning in 220 ms. Found 11 JPA repository interfaces.
2022-11-10 23:22:39.296 [main] INFO  o.s.b.w.e.tomcat.TomcatWebServer - Tomcat initialized with port(s): 8880 (http)
2022-11-10 23:22:39.313 [main] INFO  o.a.coyote.http11.Http11NioProtocol - Initializing ProtocolHandler ["http-nio-8880"]
2022-11-10 23:22:39.314 [main] INFO  o.a.catalina.core.StandardService - Starting service [Tomcat]
2022-11-10 23:22:39.314 [main] INFO  o.a.catalina.core.StandardEngine - Starting Servlet engine: [Apache Tomcat/9.0.65]
2022-11-10 23:22:39.510 [main] INFO  o.a.c.c.C.[Tomcat].[localhost].[/] - Initializing Spring embedded WebApplicationContext
2022-11-10 23:22:39.511 [main] INFO  o.s.b.w.s.c.ServletWebServerApplicationContext - Root WebApplicationContext: initialization completed in 4669 ms
2022-11-10 23:22:39.647 [main] WARN  o.s.b.a.o.j.JpaBaseConfiguration$JpaWebConfiguration - spring.jpa.open-in-view is enabled by default. Therefore, database queries may be performed during view rendering. Explicitly configure spring.jpa.open-in-view to disable this warning
2022-11-10 23:22:39.894 [main] INFO  o.h.jpa.internal.util.LogHelper - HHH000204: Processing PersistenceUnitInfo [name: default]
2022-11-10 23:22:39.995 [main] INFO  org.hibernate.Version - HHH000412: Hibernate ORM core version 5.6.10.Final
2022-11-10 23:22:40.363 [main] INFO  o.h.annotations.common.Version - HCANN000001: Hibernate Commons Annotations {5.1.2.Final}
2022-11-10 23:22:40.551 [main] INFO  com.zaxxer.hikari.HikariDataSource - HikariPool-1 - Starting...
2022-11-10 23:22:40.904 [main] INFO  com.zaxxer.hikari.HikariDataSource - HikariPool-1 - Start completed.
2022-11-10 23:22:40.945 [main] INFO  org.hibernate.dialect.Dialect - HHH000400: Using dialect: org.hibernate.dialect.PostgreSQLDialect
2022-11-10 23:22:43.074 [main] INFO  o.h.e.t.j.p.i.JtaPlatformInitiator - HHH000490: Using JtaPlatform implementation: [org.hibernate.engine.transaction.jta.platform.internal.NoJtaPlatform]
2022-11-10 23:22:43.149 [main] INFO  o.s.o.j.LocalContainerEntityManagerFactoryBean - Initialized JPA EntityManagerFactory for persistence unit 'default'
2022-11-10 23:22:44.322 [main] DEBUG i.k.core.config.AuthTokenFilter - Filter 'authenticationJwtTokenFilter' configured for use
2022-11-10 23:22:47.354 [main] INFO  o.s.s.web.DefaultSecurityFilterChain - Will secure any request with [org.springframework.security.web.session.DisableEncodeUrlFilter@49467fc6, org.springframework.security.web.context.request.async.WebAsyncManagerIntegrationFilter@6f28a07e, org.springframework.security.web.context.SecurityContextPersistenceFilter@55854382, org.springframework.security.web.header.HeaderWriterFilter@672c4e24, org.springframework.web.filter.CorsFilter@44e19b99, org.springframework.security.web.authentication.logout.LogoutFilter@2a4a95c4, id.kedukasi.core.config.AuthTokenFilter@53fd59d4, org.springframework.security.web.savedrequest.RequestCacheAwareFilter@4d6f951a, org.springframework.security.web.servletapi.SecurityContextHolderAwareRequestFilter@2f46bc25, org.springframework.security.web.authentication.AnonymousAuthenticationFilter@498bfeec, org.springframework.security.web.session.SessionManagementFilter@6fc84468, org.springframework.security.web.access.ExceptionTranslationFilter@37d50217, org.springframework.security.web.access.intercept.FilterSecurityInterceptor@6ceeb592]
2022-11-10 23:22:47.838 [main] INFO  o.a.coyote.http11.Http11NioProtocol - Starting ProtocolHandler ["http-nio-8880"]
2022-11-10 23:22:47.868 [main] INFO  o.s.b.w.e.tomcat.TomcatWebServer - Tomcat started on port(s): 8880 (http) with context path ''
2022-11-10 23:22:49.140 [main] INFO  id.kedukasi.core.Application - Started Application in 16.37 seconds (JVM running for 19.136)
2022-11-10 23:23:11.573 [http-nio-8880-exec-1] INFO  o.a.c.c.C.[Tomcat].[localhost].[/] - Initializing Spring DispatcherServlet 'dispatcherServlet'
2022-11-10 23:23:11.574 [http-nio-8880-exec-1] INFO  o.s.web.servlet.DispatcherServlet - Initializing Servlet 'dispatcherServlet'
2022-11-10 23:23:11.578 [http-nio-8880-exec-1] INFO  o.s.web.servlet.DispatcherServlet - Completed initialization in 4 ms
2022-11-10 23:23:24.658 [http-nio-8880-exec-4] INFO  i.k.c.c.SimpanPesertaController - << /simpanPeserta/all? >>
2022-11-10 23:24:23.760 [SpringApplicationShutdownHook] INFO  o.s.o.j.LocalContainerEntityManagerFactoryBean - Closing JPA EntityManagerFactory for persistence unit 'default'
2022-11-10 23:24:23.766 [SpringApplicationShutdownHook] INFO  com.zaxxer.hikari.HikariDataSource - HikariPool-1 - Shutdown initiated...
2022-11-10 23:24:23.777 [SpringApplicationShutdownHook] INFO  com.zaxxer.hikari.HikariDataSource - HikariPool-1 - Shutdown completed.
2022-11-11 00:18:07.496 [background-preinit] INFO  o.h.validator.internal.util.Version - HV000001: Hibernate Validator 6.2.4.Final
2022-11-11 00:18:07.528 [main] INFO  id.kedukasi.core.Application - Starting Application using Java 11.0.15.1 on Mac21s-MacBook-Pro.local with PID 19705 (/Volumes/Mac HD/aplikasijava/spring boot/MIS/kedukasi-service-B3IrfanRifai-dev/target/classes started by mac21 in /Volumes/Mac HD/aplikasijava/spring boot/MIS/kedukasi-service-B3IrfanRifai-dev)
2022-11-11 00:18:07.542 [main] DEBUG id.kedukasi.core.Application - Running with Spring Boot v2.7.3, Spring v5.3.22
2022-11-11 00:18:07.544 [main] INFO  id.kedukasi.core.Application - No active profile set, falling back to 1 default profile: "default"
2022-11-11 00:18:09.434 [main] INFO  o.s.d.r.c.RepositoryConfigurationDelegate - Bootstrapping Spring Data JPA repositories in DEFAULT mode.
2022-11-11 00:18:09.570 [main] INFO  o.s.d.r.c.RepositoryConfigurationDelegate - Finished Spring Data repository scanning in 124 ms. Found 11 JPA repository interfaces.
2022-11-11 00:18:11.129 [main] INFO  o.s.b.w.e.tomcat.TomcatWebServer - Tomcat initialized with port(s): 8880 (http)
2022-11-11 00:18:11.145 [main] INFO  o.a.coyote.http11.Http11NioProtocol - Initializing ProtocolHandler ["http-nio-8880"]
2022-11-11 00:18:11.148 [main] INFO  o.a.catalina.core.StandardService - Starting service [Tomcat]
2022-11-11 00:18:11.148 [main] INFO  o.a.catalina.core.StandardEngine - Starting Servlet engine: [Apache Tomcat/9.0.65]
2022-11-11 00:18:11.691 [main] INFO  o.a.c.c.C.[Tomcat].[localhost].[/] - Initializing Spring embedded WebApplicationContext
2022-11-11 00:18:11.692 [main] INFO  o.s.b.w.s.c.ServletWebServerApplicationContext - Root WebApplicationContext: initialization completed in 3983 ms
2022-11-11 00:18:12.004 [main] WARN  o.s.b.a.o.j.JpaBaseConfiguration$JpaWebConfiguration - spring.jpa.open-in-view is enabled by default. Therefore, database queries may be performed during view rendering. Explicitly configure spring.jpa.open-in-view to disable this warning
2022-11-11 00:18:12.154 [main] INFO  o.h.jpa.internal.util.LogHelper - HHH000204: Processing PersistenceUnitInfo [name: default]
2022-11-11 00:18:12.207 [main] INFO  org.hibernate.Version - HHH000412: Hibernate ORM core version 5.6.10.Final
2022-11-11 00:18:12.405 [main] INFO  o.h.annotations.common.Version - HCANN000001: Hibernate Commons Annotations {5.1.2.Final}
2022-11-11 00:18:12.531 [main] INFO  com.zaxxer.hikari.HikariDataSource - HikariPool-1 - Starting...
2022-11-11 00:18:12.795 [main] INFO  com.zaxxer.hikari.HikariDataSource - HikariPool-1 - Start completed.
2022-11-11 00:18:12.831 [main] INFO  org.hibernate.dialect.Dialect - HHH000400: Using dialect: org.hibernate.dialect.PostgreSQLDialect
2022-11-11 00:18:14.422 [main] INFO  o.h.e.t.j.p.i.JtaPlatformInitiator - HHH000490: Using JtaPlatform implementation: [org.hibernate.engine.transaction.jta.platform.internal.NoJtaPlatform]
2022-11-11 00:18:14.434 [main] INFO  o.s.o.j.LocalContainerEntityManagerFactoryBean - Initialized JPA EntityManagerFactory for persistence unit 'default'
2022-11-11 00:18:15.444 [main] DEBUG i.k.core.config.AuthTokenFilter - Filter 'authenticationJwtTokenFilter' configured for use
2022-11-11 00:18:17.310 [main] INFO  o.s.s.web.DefaultSecurityFilterChain - Will secure any request with [org.springframework.security.web.session.DisableEncodeUrlFilter@5205b3e2, org.springframework.security.web.context.request.async.WebAsyncManagerIntegrationFilter@2802caa2, org.springframework.security.web.context.SecurityContextPersistenceFilter@5cdf2c83, org.springframework.security.web.header.HeaderWriterFilter@18f1260, org.springframework.web.filter.CorsFilter@6b9f5dcf, org.springframework.security.web.authentication.logout.LogoutFilter@77d0a492, id.kedukasi.core.config.AuthTokenFilter@3f465ae, org.springframework.security.web.savedrequest.RequestCacheAwareFilter@44b99467, org.springframework.security.web.servletapi.SecurityContextHolderAwareRequestFilter@2aacf54b, org.springframework.security.web.authentication.AnonymousAuthenticationFilter@5ab7e997, org.springframework.security.web.session.SessionManagementFilter@11efa76e, org.springframework.security.web.access.ExceptionTranslationFilter@5f80b25a, org.springframework.security.web.access.intercept.FilterSecurityInterceptor@1611ce1c]
2022-11-11 00:18:17.661 [main] INFO  o.a.coyote.http11.Http11NioProtocol - Starting ProtocolHandler ["http-nio-8880"]
2022-11-11 00:18:17.682 [main] INFO  o.s.b.w.e.tomcat.TomcatWebServer - Tomcat started on port(s): 8880 (http) with context path ''
2022-11-11 00:18:18.504 [main] INFO  id.kedukasi.core.Application - Started Application in 12.161 seconds (JVM running for 13.862)
2022-11-11 00:18:22.298 [http-nio-8880-exec-2] INFO  o.a.c.c.C.[Tomcat].[localhost].[/] - Initializing Spring DispatcherServlet 'dispatcherServlet'
2022-11-11 00:18:22.298 [http-nio-8880-exec-2] INFO  o.s.web.servlet.DispatcherServlet - Initializing Servlet 'dispatcherServlet'
2022-11-11 00:18:22.302 [http-nio-8880-exec-2] INFO  o.s.web.servlet.DispatcherServlet - Completed initialization in 4 ms
2022-11-11 00:18:22.447 [http-nio-8880-exec-2] ERROR id.kedukasi.core.utils.JwtUtils - JWT token is expired: JWT expired at 2022-09-29T15:50:46Z. Current time: 2022-11-11T00:18:22Z, a difference of 3659256446 milliseconds.  Allowed clock skew: 0 milliseconds.
2022-11-11 00:18:55.468 [SpringApplicationShutdownHook] INFO  o.s.o.j.LocalContainerEntityManagerFactoryBean - Closing JPA EntityManagerFactory for persistence unit 'default'
2022-11-11 00:18:55.471 [SpringApplicationShutdownHook] INFO  com.zaxxer.hikari.HikariDataSource - HikariPool-1 - Shutdown initiated...
2022-11-11 00:18:55.483 [SpringApplicationShutdownHook] INFO  com.zaxxer.hikari.HikariDataSource - HikariPool-1 - Shutdown completed.
